FILE_TYPE=LIBRARY_PARTS;
PRIMITIVE 'PDB181_K415F_503B','PDB181_K415F_503B_Other';
  PIN
    'CCW':
      PIN_NUMBER='(1)';
      NO_LOAD_CHECK=BOTH;
      NO_IO_CHECK=BOTH;
      ALLOW_CONNECT=TRUE;
      PINUSE='UNSPEC';
    'WIPER':
      PIN_NUMBER='(2)';
      NO_LOAD_CHECK=BOTH;
      NO_IO_CHECK=BOTH;
      ALLOW_CONNECT=TRUE;
      PINUSE='UNSPEC';
    'CW':
      PIN_NUMBER='(3)';
      NO_LOAD_CHECK=BOTH;
      NO_IO_CHECK=BOTH;
      ALLOW_CONNECT=TRUE;
      PINUSE='UNSPEC';
  END_PIN;
  BODY
    PART_NAME='PDB181_K415F_503B';
    PHYS_DES_PREFIX='VR';
    NO_LOAD_CHECK='TRUE';
    PIN_COUNT='3';
    BODY_NAME='PDB181_K415F_503B';
    JEDEC_TYPE='PDB181K415F503B';
  END_BODY;
END_PRIMITIVE;
END.
